0 info it worked if it ends with ok
1 verbose cli [ 'C:\\Program Files\\nodejs\\node.exe',
1 verbose cli   'C:\\Program Files\\nodejs\\node_modules\\npm\\bin\\npm-cli.js',
1 verbose cli   'install',
1 verbose cli   'jquery' ]
2 info using npm@3.10.8
3 info using node@v6.9.1
4 silly loadCurrentTree Starting
5 silly install loadCurrentTree
6 silly install readLocalPackageData
7 silly fetchPackageMetaData jquery@^3.2.1
8 silly fetchNamedPackageData jquery
9 silly mapToRegistry name jquery
10 silly mapToRegistry using default registry
11 silly mapToRegistry registry https://registry.npmjs.org/
12 silly mapToRegistry data Result {
12 silly mapToRegistry   raw: 'jquery',
12 silly mapToRegistry   scope: null,
12 silly mapToRegistry   escapedName: 'jquery',
12 silly mapToRegistry   name: 'jquery',
12 silly mapToRegistry   rawSpec: '',
12 silly mapToRegistry   spec: 'latest',
12 silly mapToRegistry   type: 'tag' }
13 silly mapToRegistry uri https://registry.npmjs.org/jquery
14 verbose request uri https://registry.npmjs.org/jquery
15 verbose request no auth needed
16 info attempt registry request try #1 at 12:16:46
17 verbose request id 9418a0d6a576f343
18 http request GET https://registry.npmjs.org/jquery
19 http 200 https://registry.npmjs.org/jquery
20 verbose headers { server: 'nginx/1.10.1',
20 verbose headers   'content-type': 'application/json',
20 verbose headers   'last-modified': 'Fri, 10 Nov 2017 01:44:32 GMT',
20 verbose headers   etag: 'W/"5a050480-16374"',
20 verbose headers   'content-encoding': 'gzip',
20 verbose headers   'cache-control': 'max-age=300',
20 verbose headers   'content-length': '10999',
20 verbose headers   'accept-ranges': 'bytes',
20 verbose headers   date: 'Mon, 13 Nov 2017 11:16:43 GMT',
20 verbose headers   via: '1.1 varnish',
20 verbose headers   age: '242',
20 verbose headers   connection: 'keep-alive',
20 verbose headers   'x-served-by': 'cache-hhn1522-HHN',
20 verbose headers   'x-cache': 'HIT',
20 verbose headers   'x-cache-hits': '8',
20 verbose headers   'x-timer': 'S1510571804.761315,VS0,VE0',
20 verbose headers   vary: 'Accept-Encoding, Accept' }
21 silly get cb [ 200,
21 silly get   { server: 'nginx/1.10.1',
21 silly get     'content-type': 'application/json',
21 silly get     'last-modified': 'Fri, 10 Nov 2017 01:44:32 GMT',
21 silly get     etag: 'W/"5a050480-16374"',
21 silly get     'content-encoding': 'gzip',
21 silly get     'cache-control': 'max-age=300',
21 silly get     'content-length': '10999',
21 silly get     'accept-ranges': 'bytes',
21 silly get     date: 'Mon, 13 Nov 2017 11:16:43 GMT',
21 silly get     via: '1.1 varnish',
21 silly get     age: '242',
21 silly get     connection: 'keep-alive',
21 silly get     'x-served-by': 'cache-hhn1522-HHN',
21 silly get     'x-cache': 'HIT',
21 silly get     'x-cache-hits': '8',
21 silly get     'x-timer': 'S1510571804.761315,VS0,VE0',
21 silly get     vary: 'Accept-Encoding, Accept' } ]
22 verbose get saving jquery to C:\Users\Niklas\AppData\Roaming\npm-cache\registry.npmjs.org\jquery\.cache.json
23 verbose correctMkdir C:\Users\Niklas\AppData\Roaming\npm-cache correctMkdir not in flight; initializing
24 silly install normalizeTree
25 silly loadCurrentTree Finishing
26 silly loadIdealTree Starting
27 silly install loadIdealTree
28 silly cloneCurrentTree Starting
29 silly install cloneCurrentTreeToIdealTree
30 silly cloneCurrentTree Finishing
31 silly loadShrinkwrap Starting
32 silly install loadShrinkwrap
33 silly loadShrinkwrap Finishing
34 silly loadAllDepsIntoIdealTree Starting
35 silly install loadAllDepsIntoIdealTree
36 silly resolveWithNewModule jquery@3.2.1 checking installable status
37 silly cache add args [ 'jquery@^3.2.1', null ]
38 verbose cache add spec jquery@^3.2.1
39 silly cache add parsed spec Result {
39 silly cache add   raw: 'jquery@^3.2.1',
39 silly cache add   scope: null,
39 silly cache add   escapedName: 'jquery',
39 silly cache add   name: 'jquery',
39 silly cache add   rawSpec: '^3.2.1',
39 silly cache add   spec: '>=3.2.1 <4.0.0',
39 silly cache add   type: 'range' }
40 silly addNamed jquery@>=3.2.1 <4.0.0
41 verbose addNamed ">=3.2.1 <4.0.0" is a valid semver range for jquery
42 silly addNameRange { name: 'jquery', range: '>=3.2.1 <4.0.0', hasData: false }
43 silly mapToRegistry name jquery
44 silly mapToRegistry using default registry
45 silly mapToRegistry registry https://registry.npmjs.org/
46 silly mapToRegistry data Result {
46 silly mapToRegistry   raw: 'jquery',
46 silly mapToRegistry   scope: null,
46 silly mapToRegistry   escapedName: 'jquery',
46 silly mapToRegistry   name: 'jquery',
46 silly mapToRegistry   rawSpec: '',
46 silly mapToRegistry   spec: 'latest',
46 silly mapToRegistry   type: 'tag' }
47 silly mapToRegistry uri https://registry.npmjs.org/jquery
48 verbose addNameRange registry:https://registry.npmjs.org/jquery not in flight; fetching
49 verbose get https://registry.npmjs.org/jquery not expired, no request
50 silly addNameRange number 2 { name: 'jquery', range: '>=3.2.1 <4.0.0', hasData: true }
51 silly addNameRange versions [ 'jquery',
51 silly addNameRange   [ '1.5.1',
51 silly addNameRange     '1.6.2',
51 silly addNameRange     '1.6.3',
51 silly addNameRange     '1.7.2',
51 silly addNameRange     '1.7.3',
51 silly addNameRange     '1.8.2',
51 silly addNameRange     '1.8.3',
51 silly addNameRange     '2.1.0-beta2',
51 silly addNameRange     '2.1.0-beta3',
51 silly addNameRange     '1.11.0-beta3',
51 silly addNameRange     '1.11.0-rc1',
51 silly addNameRange     '2.1.0-rc1',
51 silly addNameRange     '1.11.0',
51 silly addNameRange     '2.1.0',
51 silly addNameRange     '2.1.1-beta1',
51 silly addNameRange     '1.11.1-beta1',
51 silly addNameRange     '2.1.1-rc1',
51 silly addNameRange     '1.11.1-rc1',
51 silly addNameRange     '2.1.1-rc2',
51 silly addNameRange     '1.11.1-rc2',
51 silly addNameRange     '2.1.1',
51 silly addNameRange     '1.11.1',
51 silly addNameRange     '1.9.1',
51 silly addNameRange     '2.1.2',
51 silly addNameRange     '1.11.2',
51 silly addNameRange     '2.1.3',
51 silly addNameRange     '2.1.4',
51 silly addNameRange     '1.11.3',
51 silly addNameRange     '3.0.0-alpha1',
51 silly addNameRange     '1.12.0',
51 silly addNameRange     '2.2.0',
51 silly addNameRange     '3.0.0-beta1',
51 silly addNameRange     '1.12.1',
51 silly addNameRange     '2.2.1',
51 silly addNameRange     '1.12.2',
51 silly addNameRange     '2.2.2',
51 silly addNameRange     '1.12.3',
51 silly addNameRange     '2.2.3',
51 silly addNameRange     '1.12.4',
51 silly addNameRange     '2.2.4',
51 silly addNameRange     '3.0.0-rc1',
51 silly addNameRange     '3.0.0',
51 silly addNameRange     '3.1.0',
51 silly addNameRange     '3.1.1',
51 silly addNameRange     '3.2.0',
51 silly addNameRange     '3.2.1' ] ]
52 silly addNamed jquery@3.2.1
53 verbose addNamed "3.2.1" is a plain semver version for jquery
54 silly mapToRegistry name jquery
55 silly mapToRegistry using default registry
56 silly mapToRegistry registry https://registry.npmjs.org/
57 silly mapToRegistry data Result {
57 silly mapToRegistry   raw: 'jquery',
57 silly mapToRegistry   scope: null,
57 silly mapToRegistry   escapedName: 'jquery',
57 silly mapToRegistry   name: 'jquery',
57 silly mapToRegistry   rawSpec: '',
57 silly mapToRegistry   spec: 'latest',
57 silly mapToRegistry   type: 'tag' }
58 silly mapToRegistry uri https://registry.npmjs.org/jquery
59 verbose addRemoteTarball https://registry.npmjs.org/jquery/-/jquery-3.2.1.tgz not in flight; adding
60 verbose addRemoteTarball [ 'https://registry.npmjs.org/jquery/-/jquery-3.2.1.tgz',
60 verbose addRemoteTarball   '5c4d9de652af6cd0a770154a631bba12b015c787' ]
61 info retry fetch attempt 1 at 12:16:47
62 info attempt registry request try #1 at 12:16:47
63 http fetch GET https://registry.npmjs.org/jquery/-/jquery-3.2.1.tgz
64 http fetch 200 https://registry.npmjs.org/jquery/-/jquery-3.2.1.tgz
65 silly fetchAndShaCheck shasum 5c4d9de652af6cd0a770154a631bba12b015c787
66 verbose addTmpTarball C:\Users\Niklas\AppData\Local\Temp\npm-12120-225cbb55\registry.npmjs.org\jquery\-\jquery-3.2.1.tgz not in flight; adding
67 verbose addTmpTarball already have metadata; skipping unpack for jquery@3.2.1
68 verbose correctMkdir C:\Users\Niklas\AppData\Roaming\npm-cache correctMkdir not in flight; initializing
69 silly cache afterAdd jquery@3.2.1
70 verbose afterAdd C:\Users\Niklas\AppData\Roaming\npm-cache\jquery\3.2.1\package\package.json not in flight; writing
71 verbose correctMkdir C:\Users\Niklas\AppData\Roaming\npm-cache correctMkdir not in flight; initializing
72 verbose afterAdd C:\Users\Niklas\AppData\Roaming\npm-cache\jquery\3.2.1\package\package.json written
73 silly loadAllDepsIntoIdealTree Finishing
74 silly loadIdealTree Finishing
75 silly currentTree electron@0.0.1
75 silly currentTree +-- acorn@1.2.2
75 silly currentTree +-- amdefine@1.0.1
75 silly currentTree +-- ast-types@0.8.15
75 silly currentTree +-- async@0.2.10
75 silly currentTree +-- base62@0.1.1
75 silly currentTree +-- binary-search-tree@0.2.5
75 silly currentTree +-- core-util-is@1.0.2
75 silly currentTree +-- desktop.ini
75 silly currentTree +-- es3ify@0.1.4
75 silly currentTree +-- esmangle-evaluator@1.0.1
75 silly currentTree +-- esprima-fb@3001.1.0-dev-harmony-fb
75 silly currentTree +-- falafel@1.2.0
75 silly currentTree +-- foreach@2.0.5
75 silly currentTree +-- immediate@3.0.6
75 silly currentTree +-- inherits@2.0.3
75 silly currentTree +-- inline-process-browser@1.0.0
75 silly currentTree +-- ip-subnet-calculator@1.1.8
75 silly currentTree +-- isarray@0.0.1
75 silly currentTree +-- jquery-ui@1.12.1
75 silly currentTree +-- jstransform@3.0.0
75 silly currentTree +-- lie@3.0.2
75 silly currentTree +-- localforage@1.5.3
75 silly currentTree +-- minimist@0.0.8
75 silly currentTree +-- mkdirp@0.5.1
75 silly currentTree +-- nedb@1.8.0
75 silly currentTree +-- node-nmap@4.0.0
75 silly currentTree +-- object-keys@1.0.11
75 silly currentTree +-- private@0.1.8
75 silly currentTree +-- queued-up@2.0.2
75 silly currentTree +-- readable-stream@1.0.34
75 silly currentTree +-- recast@0.10.43
75 silly currentTree | +-- desktop.ini
75 silly currentTree | +-- esprima-fb@15001.1001.0-dev-harmony-fb
75 silly currentTree | `-- source-map@0.5.7
75 silly currentTree +-- sax@1.2.4
75 silly currentTree +-- source-map@0.1.31
75 silly currentTree +-- string_decoder@0.10.31
75 silly currentTree +-- through@2.3.8
75 silly currentTree +-- through2@0.6.5
75 silly currentTree +-- underscore@1.4.4
75 silly currentTree +-- unreachable-branch-transform@0.3.0
75 silly currentTree +-- xml2js@0.4.19
75 silly currentTree +-- xmlbuilder@9.0.4
75 silly currentTree `-- xtend@4.0.1
76 silly idealTree electron@0.0.1
76 silly idealTree +-- acorn@1.2.2
76 silly idealTree +-- amdefine@1.0.1
76 silly idealTree +-- ast-types@0.8.15
76 silly idealTree +-- async@0.2.10
76 silly idealTree +-- base62@0.1.1
76 silly idealTree +-- binary-search-tree@0.2.5
76 silly idealTree +-- core-util-is@1.0.2
76 silly idealTree +-- desktop.ini
76 silly idealTree +-- es3ify@0.1.4
76 silly idealTree +-- esmangle-evaluator@1.0.1
76 silly idealTree +-- esprima-fb@3001.1.0-dev-harmony-fb
76 silly idealTree +-- falafel@1.2.0
76 silly idealTree +-- foreach@2.0.5
76 silly idealTree +-- immediate@3.0.6
76 silly idealTree +-- inherits@2.0.3
76 silly idealTree +-- inline-process-browser@1.0.0
76 silly idealTree +-- ip-subnet-calculator@1.1.8
76 silly idealTree +-- isarray@0.0.1
76 silly idealTree +-- jquery-ui@1.12.1
76 silly idealTree +-- jquery@3.2.1
76 silly idealTree +-- jstransform@3.0.0
76 silly idealTree +-- lie@3.0.2
76 silly idealTree +-- localforage@1.5.3
76 silly idealTree +-- minimist@0.0.8
76 silly idealTree +-- mkdirp@0.5.1
76 silly idealTree +-- nedb@1.8.0
76 silly idealTree +-- node-nmap@4.0.0
76 silly idealTree +-- object-keys@1.0.11
76 silly idealTree +-- private@0.1.8
76 silly idealTree +-- queued-up@2.0.2
76 silly idealTree +-- readable-stream@1.0.34
76 silly idealTree +-- recast@0.10.43
76 silly idealTree | +-- desktop.ini
76 silly idealTree | +-- esprima-fb@15001.1001.0-dev-harmony-fb
76 silly idealTree | `-- source-map@0.5.7
76 silly idealTree +-- sax@1.2.4
76 silly idealTree +-- source-map@0.1.31
76 silly idealTree +-- string_decoder@0.10.31
76 silly idealTree +-- through@2.3.8
76 silly idealTree +-- through2@0.6.5
76 silly idealTree +-- underscore@1.4.4
76 silly idealTree +-- unreachable-branch-transform@0.3.0
76 silly idealTree +-- xml2js@0.4.19
76 silly idealTree +-- xmlbuilder@9.0.4
76 silly idealTree `-- xtend@4.0.1
77 silly generateActionsToTake Starting
78 silly install generateActionsToTake
79 silly generateActionsToTake Finishing
80 silly diffTrees action count 1
81 silly diffTrees add jquery@3.2.1
82 silly decomposeActions action count 8
83 silly decomposeActions fetch jquery@3.2.1
84 silly decomposeActions extract jquery@3.2.1
85 silly decomposeActions test jquery@3.2.1
86 silly decomposeActions preinstall jquery@3.2.1
87 silly decomposeActions build jquery@3.2.1
88 silly decomposeActions install jquery@3.2.1
89 silly decomposeActions postinstall jquery@3.2.1
90 silly decomposeActions finalize jquery@3.2.1
91 silly runTopLevelLifecycles Starting
92 silly executeActions Starting
93 silly install executeActions
94 silly doSerial global-install 0
95 silly doParallel fetch 1
96 verbose correctMkdir C:\Users\Niklas\AppData\Roaming\npm-cache\_locks correctMkdir not in flight; initializing
97 verbose lock using C:\Users\Niklas\AppData\Roaming\npm-cache\_locks\staging-4d180828d81fa2ed.lock for C:\Users\Niklas\Google Drive\HS-Pack\Electron-App\node_modules\.staging
98 verbose unlock done using C:\Users\Niklas\AppData\Roaming\npm-cache\_locks\staging-4d180828d81fa2ed.lock for C:\Users\Niklas\Google Drive\HS-Pack\Electron-App\node_modules\.staging
99 silly rollbackFailedOptional Starting
100 silly rollbackFailedOptional Finishing
101 silly runTopLevelLifecycles Finishing
102 silly install printInstalled
103 warn electron@0.0.1 No repository field.
104 verbose If you need help, you may report this error at:
104 verbose     <https://github.com/npm/npm/issues>
105 verbose stack Error: EPERM: operation not permitted, rmdir 'C:\Users\Niklas\Google Drive\HS-Pack\Electron-App\node_modules\.staging'
105 verbose stack     at Error (native)
106 verbose cwd C:\Users\Niklas\Google Drive\HS-Pack\Electron-App
107 error Windows_NT 10.0.15063
108 error argv "C:\\Program Files\\nodejs\\node.exe" "C:\\Program Files\\nodejs\\node_modules\\npm\\bin\\npm-cli.js" "install" "jquery"
109 error node v6.9.1
110 error npm  v3.10.8
111 error path C:\Users\Niklas\Google Drive\HS-Pack\Electron-App\node_modules\.staging
112 error code EPERM
113 error errno -4048
114 error syscall rmdir
115 error Error: EPERM: operation not permitted, rmdir 'C:\Users\Niklas\Google Drive\HS-Pack\Electron-App\node_modules\.staging'
115 error     at Error (native)
115 error  { Error: EPERM: operation not permitted, rmdir 'C:\Users\Niklas\Google Drive\HS-Pack\Electron-App\node_modules\.staging'
115 error     at Error (native)
115 error   errno: -4048,
115 error   code: 'EPERM',
115 error   syscall: 'rmdir',
115 error   path: 'C:\\Users\\Niklas\\Google Drive\\HS-Pack\\Electron-App\\node_modules\\.staging' }
116 error Please try running this command again as root/Administrator.
117 verbose exit [ -4048, true ]
